<?xml version="1.0" encoding="UTF-8"?>
<!-- Generated by org.testng.reporters.JUnitXMLReporter -->
<testsuite hostname="ASD-smirnova" ignored="0" name="Surefire test" tests="19" failures="2" timestamp="16 мая 2018 06:50:16 GMT" time="42.518" errors="0">
  <testcase name="@AfterMethod tearDown" time="1.466" classname="WebDriverTest">
    <failure type="org.openqa.selenium.WebDriverException" message="Failed to decode response from marionette
Build info: version: &amp;apos;3.11.0&amp;apos;, revision: &amp;apos;e59cfb3&amp;apos;, time: &amp;apos;2018-03-11T20:26:55.152Z&amp;apos;
System info: host: &amp;apos;ASD-SMIRNOVA&amp;apos;, ip: &amp;apos;192.168.12.35&amp;apos;, os.name: &amp;apos;Windows 7&amp;apos;, os.arch: &amp;apos;amd64&amp;apos;, os.version: &amp;apos;6.1&amp;apos;, java.version: &amp;apos;1.8.0_161&amp;apos;
Driver info: org.openqa.selenium.firefox.FirefoxDriver
Capabilities {acceptInsecureCerts: true, browserName: firefox, browserVersion: 59.0.3, javascriptEnabled: true, moz:accessibilityChecks: false, moz:headless: false, moz:processID: 8712, moz:profile: C:\Users\dakyko.alexander\A..., moz:useNonSpecCompliantPointerOrigin: false, moz:webdriverClick: true, pageLoadStrategy: normal, platform: XP, platformName: XP, platformVersion: 6.1, rotatable: false, timeouts: {implicit: 0, pageLoad: 300000, script: 30000}}
Session ID: 86b24309-1e43-4565-bd6e-f0f4b91a6c21">
      <![CDATA[org.openqa.selenium.WebDriverException: Failed to decode response from marionette
Build info: version: '3.11.0', revision: 'e59cfb3', time: '2018-03-11T20:26:55.152Z'
System info: host: 'ASD-SMIRNOVA', ip: '192.168.12.35', os.name: 'Windows 7', os.arch: 'amd64', os.version: '6.1', java.version: '1.8.0_161'
Driver info: org.openqa.selenium.firefox.FirefoxDriver
Capabilities {acceptInsecureCerts: true, browserName: firefox, browserVersion: 59.0.3, javascriptEnabled: true, moz:accessibilityChecks: false, moz:headless: false, moz:processID: 8712, moz:profile: C:\Users\dakyko.alexander\A..., moz:useNonSpecCompliantPointerOrigin: false, moz:webdriverClick: true, pageLoadStrategy: normal, platform: XP, platformName: XP, platformVersion: 6.1, rotatable: false, timeouts: {implicit: 0, pageLoad: 300000, script: 30000}}
Session ID: 86b24309-1e43-4565-bd6e-f0f4b91a6c21
at org.openqa.selenium.remote.http.W3CHttpResponseCodec.createException(W3CHttpResponseCodec.java:187)
at org.openqa.selenium.remote.http.W3CHttpResponseCodec.decode(W3CHttpResponseCodec.java:122)
at org.openqa.selenium.remote.http.W3CHttpResponseCodec.decode(W3CHttpResponseCodec.java:49)
at org.openqa.selenium.remote.HttpCommandExecutor.execute(HttpCommandExecutor.java:158)
at org.openqa.selenium.remote.service.DriverCommandExecutor.execute(DriverCommandExecutor.java:83)
at org.openqa.selenium.remote.RemoteWebDriver.execute(RemoteWebDriver.java:545)
at org.openqa.selenium.remote.RemoteWebDriver.execute(RemoteWebDriver.java:602)
at org.openqa.selenium.remote.RemoteWebDriver.close(RemoteWebDriver.java:435)
at WebDriverTest.tearDown(WebDriverTest.java:91)
... Removed 37 stack frames]]>
    </failure>
  </testcase> <!-- @AfterMethod tearDown -->
  <testcase name="test2" time="0.005" classname="company.SmokeTest"/>
  <testcase name="selWebDriver1" time="33.524" classname="WebDriverTest">
    <failure type="org.openqa.selenium.WebDriverException" message="Failed to interpret value as array
Build info: version: &amp;apos;3.11.0&amp;apos;, revision: &amp;apos;e59cfb3&amp;apos;, time: &amp;apos;2018-03-11T20:26:55.152Z&amp;apos;
System info: host: &amp;apos;ASD-SMIRNOVA&amp;apos;, ip: &amp;apos;192.168.12.35&amp;apos;, os.name: &amp;apos;Windows 7&amp;apos;, os.arch: &amp;apos;amd64&amp;apos;, os.version: &amp;apos;6.1&amp;apos;, java.version: &amp;apos;1.8.0_161&amp;apos;
Driver info: org.openqa.selenium.firefox.FirefoxDriver
Capabilities {acceptInsecureCerts: true, browserName: firefox, browserVersion: 59.0.3, javascriptEnabled: true, moz:accessibilityChecks: false, moz:headless: false, moz:processID: 8712, moz:profile: C:\Users\dakyko.alexander\A..., moz:useNonSpecCompliantPointerOrigin: false, moz:webdriverClick: true, pageLoadStrategy: normal, platform: XP, platformName: XP, platformVersion: 6.1, rotatable: false, timeouts: {implicit: 0, pageLoad: 300000, script: 30000}}
Session ID: 86b24309-1e43-4565-bd6e-f0f4b91a6c21
*** Element info: {Using=css selector, value=.b-datalist_letters_to &amp;gt; div:nth-child(2) &amp;gt; div:nth-child(2) &amp;gt; div:nth-child(1) &amp;gt; a:nth-child(1) &amp;gt; div:nth-child(4) &amp;gt; div:nth-child(3) &amp;gt; div:nth-child(2)}">
      <![CDATA[org.openqa.selenium.WebDriverException: Failed to interpret value as array
Build info: version: '3.11.0', revision: 'e59cfb3', time: '2018-03-11T20:26:55.152Z'
System info: host: 'ASD-SMIRNOVA', ip: '192.168.12.35', os.name: 'Windows 7', os.arch: 'amd64', os.version: '6.1', java.version: '1.8.0_161'
Driver info: org.openqa.selenium.firefox.FirefoxDriver
Capabilities {acceptInsecureCerts: true, browserName: firefox, browserVersion: 59.0.3, javascriptEnabled: true, moz:accessibilityChecks: false, moz:headless: false, moz:processID: 8712, moz:profile: C:\Users\dakyko.alexander\A..., moz:useNonSpecCompliantPointerOrigin: false, moz:webdriverClick: true, pageLoadStrategy: normal, platform: XP, platformName: XP, platformVersion: 6.1, rotatable: false, timeouts: {implicit: 0, pageLoad: 300000, script: 30000}}
Session ID: 86b24309-1e43-4565-bd6e-f0f4b91a6c21
*** Element info: {Using=css selector, value=.b-datalist_letters_to > div:nth-child(2) > div:nth-child(2) > div:nth-child(1) > a:nth-child(1) > div:nth-child(4) > div:nth-child(3) > div:nth-child(2)}
at org.openqa.selenium.remote.http.W3CHttpResponseCodec.createException(W3CHttpResponseCodec.java:187)
at org.openqa.selenium.remote.http.W3CHttpResponseCodec.decode(W3CHttpResponseCodec.java:122)
at org.openqa.selenium.remote.http.W3CHttpResponseCodec.decode(W3CHttpResponseCodec.java:49)
at org.openqa.selenium.remote.HttpCommandExecutor.execute(HttpCommandExecutor.java:158)
at org.openqa.selenium.remote.service.DriverCommandExecutor.execute(DriverCommandExecutor.java:83)
at org.openqa.selenium.remote.RemoteWebDriver.execute(RemoteWebDriver.java:545)
at org.openqa.selenium.remote.RemoteWebDriver.findElements(RemoteWebDriver.java:346)
at org.openqa.selenium.remote.RemoteWebDriver.findElementsByCssSelector(RemoteWebDriver.java:417)
at org.openqa.selenium.By$ByCssSelector.findElements(By.java:441)
at org.openqa.selenium.remote.RemoteWebDriver.findElements(RemoteWebDriver.java:307)
at org.openqa.selenium.support.ui.ExpectedConditions.findElement(ExpectedConditions.java:895)
at org.openqa.selenium.support.ui.ExpectedConditions.access$000(ExpectedConditions.java:44)
at org.openqa.selenium.support.ui.ExpectedConditions$7.apply(ExpectedConditions.java:206)
at org.openqa.selenium.support.ui.ExpectedConditions$7.apply(ExpectedConditions.java:202)
at org.openqa.selenium.support.ui.ExpectedConditions$22.apply(ExpectedConditions.java:657)
at org.openqa.selenium.support.ui.ExpectedConditions$22.apply(ExpectedConditions.java:654)
at org.openqa.selenium.support.ui.FluentWait.until(FluentWait.java:248)
at WebDriverTest.selWebDriver1(WebDriverTest.java:69)
... Removed 34 stack frames]]>
    </failure>
  </testcase> <!-- selWebDriver1 -->
  <testcase name="checkThreads" time="0.0" classname="company.SmokeTest"/>
  <testcase name="checkThreads" time="0.0" classname="company.SmokeTest"/>
  <testcase name="checkThreads" time="0.0" classname="company.SmokeTest"/>
  <testcase name="checkThreads" time="0.0" classname="company.SmokeTest"/>
  <testcase name="checkThreads" time="0.0" classname="company.SmokeTest"/>
  <testcase name="checkThreads" time="0.0" classname="company.SmokeTest"/>
  <testcase name="checkThreads" time="0.0" classname="company.SmokeTest"/>
  <testcase name="checkThreads" time="0.001" classname="company.SmokeTest"/>
  <testcase name="checkThreads" time="0.0" classname="company.SmokeTest"/>
  <testcase name="checkThreads" time="0.0" classname="company.SmokeTest"/>
  <testcase name="test1" time="0.001" classname="company.SmokeTest">
    <failure type="java.lang.AssertionError" message="expected [3] but found [2]">
      <![CDATA[java.lang.AssertionError: expected [3] but found [2]
at company.SmokeTest.test1(SmokeTest.java:59)
... Removed 36 stack frames]]>
    </failure>
  </testcase> <!-- test1 -->
  <testcase name="method1" time="0.0" classname="company.SmokeTest"/>
  <testcase name="method2" time="0.0" classname="company.SmokeTest"/>
  <testcase name="method3" time="0.0" classname="company.SmokeTest"/>
  <testcase name="errorMethod" time="0.0" classname="company.SmokeTest"/>
  <testcase name="dependOnMethod1" time="0.001" classname="company.SmokeTest"/>
  <testcase name="dependsOnGroup1" time="0.0" classname="company.SmokeTest"/>
</testsuite> <!-- Surefire test -->
