<?xml version="1.0" encoding="UTF-8"?>
<testng-results skipped="0" failed="2" ignored="0" total="19" passed="17">
  <reporter-output>
  </reporter-output>
  <suite name="Surefire suite" duration-ms="69126" started-at="2018-05-24T11:46:49Z" finished-at="2018-05-24T11:47:58Z">
    <groups>
      <group name="1">
        <method signature="SmokeTest.method1()[pri:1, instance:company.SmokeTest@13fee20c]" name="method1" class="company.SmokeTest"/>
      </group> <!-- 1 -->
      <group name="2">
        <method signature="SmokeTest.method2()[pri:2, instance:company.SmokeTest@13fee20c]" name="method2" class="company.SmokeTest"/>
      </group> <!-- 2 -->
      <group name="3">
        <method signature="SmokeTest.method3()[pri:3, instance:company.SmokeTest@13fee20c]" name="method3" class="company.SmokeTest"/>
        <method signature="SmokeTest.errorMethod()[pri:4, instance:company.SmokeTest@13fee20c]" name="errorMethod" class="company.SmokeTest"/>
      </group> <!-- 3 -->
      <group name="groupB">
        <method signature="SmokeTest.test2(int)[pri:0, instance:company.SmokeTest@13fee20c]" name="test2" class="company.SmokeTest"/>
      </group> <!-- groupB -->
      <group name="groupA">
        <method signature="SmokeTest.test1(int)[pri:0, instance:company.SmokeTest@13fee20c]" name="test1" class="company.SmokeTest"/>
      </group> <!-- groupA -->
    </groups>
    <test name="Surefire test" duration-ms="69126" started-at="2018-05-24T11:46:49Z" finished-at="2018-05-24T11:47:58Z">
      <class name="WebDriverTest">
        <test-method status="PASS" signature="init()[pri:0, instance:WebDriverTest@180bc464]" name="init" is-config="true" duration-ms="29040" started-at="2018-05-24T11:46:49Z" finished-at="2018-05-24T11:47:18Z">
          <reporter-output>
          </reporter-output>
        </test-method> <!-- init -->
        <test-method status="FAIL" signature="selWebDriver1()[pri:0, instance:WebDriverTest@180bc464]" name="selWebDriver1" duration-ms="33271" started-at="2018-05-24T11:47:18Z" finished-at="2018-05-24T11:47:51Z">
          <exception class="org.openqa.selenium.WebDriverException">
            <message>
              <![CDATA[Failed to interpret value as array
Build info: version: '3.11.0', revision: 'e59cfb3', time: '2018-03-11T20:26:55.152Z'
System info: host: 'ASD-SMIRNOVA', ip: '192.168.12.35', os.name: 'Windows 7', os.arch: 'amd64', os.version: '6.1', java.version: '1.8.0_161'
Driver info: org.openqa.selenium.firefox.FirefoxDriver
Capabilities {acceptInsecureCerts: true, browserName: firefox, browserVersion: 60.0.1, javascriptEnabled: true, moz:accessibilityChecks: false, moz:headless: false, moz:processID: 9632, moz:profile: C:\Users\dakyko.alexander\A..., moz:useNonSpecCompliantPointerOrigin: false, moz:webdriverClick: true, pageLoadStrategy: normal, platform: XP, platformName: XP, platformVersion: 6.1, rotatable: false, timeouts: {implicit: 0, pageLoad: 300000, script: 30000}}
Session ID: 07f66090-d905-4fff-9efd-253512d4da6e
*** Element info: {Using=css selector, value=.b-datalist_letters_to > div:nth-child(2) > div:nth-child(2) > div:nth-child(1) > a:nth-child(1) > div:nth-child(4) > div:nth-child(3) > div:nth-child(2)}]]>
            </message>
            <full-stacktrace>
              <![CDATA[org.openqa.selenium.WebDriverException: Failed to interpret value as array
Build info: version: '3.11.0', revision: 'e59cfb3', time: '2018-03-11T20:26:55.152Z'
System info: host: 'ASD-SMIRNOVA', ip: '192.168.12.35', os.name: 'Windows 7', os.arch: 'amd64', os.version: '6.1', java.version: '1.8.0_161'
Driver info: org.openqa.selenium.firefox.FirefoxDriver
Capabilities {acceptInsecureCerts: true, browserName: firefox, browserVersion: 60.0.1, javascriptEnabled: true, moz:accessibilityChecks: false, moz:headless: false, moz:processID: 9632, moz:profile: C:\Users\dakyko.alexander\A..., moz:useNonSpecCompliantPointerOrigin: false, moz:webdriverClick: true, pageLoadStrategy: normal, platform: XP, platformName: XP, platformVersion: 6.1, rotatable: false, timeouts: {implicit: 0, pageLoad: 300000, script: 30000}}
Session ID: 07f66090-d905-4fff-9efd-253512d4da6e
*** Element info: {Using=css selector, value=.b-datalist_letters_to > div:nth-child(2) > div:nth-child(2) > div:nth-child(1) > a:nth-child(1) > div:nth-child(4) > div:nth-child(3) > div:nth-child(2)}
at sun.reflect.NativeConstructorAccessorImpl.newInstance0(Native Method)
at sun.reflect.NativeConstructorAccessorImpl.newInstance(NativeConstructorAccessorImpl.java:62)
at sun.reflect.DelegatingConstructorAccessorImpl.newInstance(DelegatingConstructorAccessorImpl.java:45)
at java.lang.reflect.Constructor.newInstance(Constructor.java:423)
at org.openqa.selenium.remote.http.W3CHttpResponseCodec.createException(W3CHttpResponseCodec.java:187)
at org.openqa.selenium.remote.http.W3CHttpResponseCodec.decode(W3CHttpResponseCodec.java:122)
at org.openqa.selenium.remote.http.W3CHttpResponseCodec.decode(W3CHttpResponseCodec.java:49)
at org.openqa.selenium.remote.HttpCommandExecutor.execute(HttpCommandExecutor.java:158)
at org.openqa.selenium.remote.service.DriverCommandExecutor.execute(DriverCommandExecutor.java:83)
at org.openqa.selenium.remote.RemoteWebDriver.execute(RemoteWebDriver.java:545)
at org.openqa.selenium.remote.RemoteWebDriver.findElements(RemoteWebDriver.java:346)
at org.openqa.selenium.remote.RemoteWebDriver.findElementsByCssSelector(RemoteWebDriver.java:417)
at org.openqa.selenium.By$ByCssSelector.findElements(By.java:441)
at org.openqa.selenium.remote.RemoteWebDriver.findElements(RemoteWebDriver.java:307)
at org.openqa.selenium.support.ui.ExpectedConditions.findElement(ExpectedConditions.java:895)
at org.openqa.selenium.support.ui.ExpectedConditions.access$000(ExpectedConditions.java:44)
at org.openqa.selenium.support.ui.ExpectedConditions$7.apply(ExpectedConditions.java:206)
at org.openqa.selenium.support.ui.ExpectedConditions$7.apply(ExpectedConditions.java:202)
at org.openqa.selenium.support.ui.ExpectedConditions$22.apply(ExpectedConditions.java:657)
at org.openqa.selenium.support.ui.ExpectedConditions$22.apply(ExpectedConditions.java:654)
at org.openqa.selenium.support.ui.FluentWait.until(FluentWait.java:248)
at WebDriverTest.selWebDriver1(WebDriverTest.java:69)
at sun.reflect.NativeMethodAccessorImpl.invoke0(Native Method)
at sun.reflect.NativeMethodAccessorImpl.invoke(NativeMethodAccessorImpl.java:62)
at sun.reflect.DelegatingMethodAccessorImpl.invoke(DelegatingMethodAccessorImpl.java:43)
at java.lang.reflect.Method.invoke(Method.java:498)
at org.testng.internal.MethodInvocationHelper.invokeMethod(MethodInvocationHelper.java:124)
at org.testng.internal.Invoker.invokeMethod(Invoker.java:580)
at org.testng.internal.Invoker.invokeTestMethod(Invoker.java:716)
at org.testng.internal.Invoker.invokeTestMethods(Invoker.java:988)
at org.testng.internal.TestMethodWorker.invokeTestMethods(TestMethodWorker.java:125)
at org.testng.internal.TestMethodWorker.run(TestMethodWorker.java:109)
at org.testng.TestRunner.privateRun(TestRunner.java:648)
at org.testng.TestRunner.run(TestRunner.java:505)
at org.testng.SuiteRunner.runTest(SuiteRunner.java:455)
at org.testng.SuiteRunner.runSequentially(SuiteRunner.java:450)
at org.testng.SuiteRunner.privateRun(SuiteRunner.java:415)
at org.testng.SuiteRunner.run(SuiteRunner.java:364)
at org.testng.SuiteRunnerWorker.runSuite(SuiteRunnerWorker.java:52)
at org.testng.SuiteRunnerWorker.run(SuiteRunnerWorker.java:84)
at org.testng.TestNG.runSuitesSequentially(TestNG.java:1208)
at org.testng.TestNG.runSuitesLocally(TestNG.java:1137)
at org.testng.TestNG.runSuites(TestNG.java:1049)
at org.testng.TestNG.run(TestNG.java:1017)
at org.apache.maven.surefire.testng.TestNGExecutor.run(TestNGExecutor.java:135)
at org.apache.maven.surefire.testng.TestNGDirectoryTestSuite.executeMulti(TestNGDirectoryTestSuite.java:193)
at org.apache.maven.surefire.testng.TestNGDirectoryTestSuite.execute(TestNGDirectoryTestSuite.java:94)
at org.apache.maven.surefire.testng.TestNGProvider.invoke(TestNGProvider.java:146)
at org.apache.maven.surefire.booter.ForkedBooter.invokeProviderInSameClassLoader(ForkedBooter.java:379)
at org.apache.maven.surefire.booter.ForkedBooter.runSuitesInProcess(ForkedBooter.java:340)
at org.apache.maven.surefire.booter.ForkedBooter.execute(ForkedBooter.java:125)
at org.apache.maven.surefire.booter.ForkedBooter.main(ForkedBooter.java:413)
]]>
            </full-stacktrace>
          </exception> <!-- org.openqa.selenium.WebDriverException -->
          <reporter-output>
          </reporter-output>
        </test-method> <!-- selWebDriver1 -->
        <test-method status="FAIL" signature="tearDown()[pri:0, instance:WebDriverTest@180bc464]" name="tearDown" is-config="true" duration-ms="6719" started-at="2018-05-24T11:47:51Z" finished-at="2018-05-24T11:47:58Z">
          <exception class="org.openqa.selenium.WebDriverException">
            <message>
              <![CDATA[Failed to decode response from marionette
Build info: version: '3.11.0', revision: 'e59cfb3', time: '2018-03-11T20:26:55.152Z'
System info: host: 'ASD-SMIRNOVA', ip: '192.168.12.35', os.name: 'Windows 7', os.arch: 'amd64', os.version: '6.1', java.version: '1.8.0_161'
Driver info: org.openqa.selenium.firefox.FirefoxDriver
Capabilities {acceptInsecureCerts: true, browserName: firefox, browserVersion: 60.0.1, javascriptEnabled: true, moz:accessibilityChecks: false, moz:headless: false, moz:processID: 9632, moz:profile: C:\Users\dakyko.alexander\A..., moz:useNonSpecCompliantPointerOrigin: false, moz:webdriverClick: true, pageLoadStrategy: normal, platform: XP, platformName: XP, platformVersion: 6.1, rotatable: false, timeouts: {implicit: 0, pageLoad: 300000, script: 30000}}
Session ID: 07f66090-d905-4fff-9efd-253512d4da6e]]>
            </message>
            <full-stacktrace>
              <![CDATA[org.openqa.selenium.WebDriverException: Failed to decode response from marionette
Build info: version: '3.11.0', revision: 'e59cfb3', time: '2018-03-11T20:26:55.152Z'
System info: host: 'ASD-SMIRNOVA', ip: '192.168.12.35', os.name: 'Windows 7', os.arch: 'amd64', os.version: '6.1', java.version: '1.8.0_161'
Driver info: org.openqa.selenium.firefox.FirefoxDriver
Capabilities {acceptInsecureCerts: true, browserName: firefox, browserVersion: 60.0.1, javascriptEnabled: true, moz:accessibilityChecks: false, moz:headless: false, moz:processID: 9632, moz:profile: C:\Users\dakyko.alexander\A..., moz:useNonSpecCompliantPointerOrigin: false, moz:webdriverClick: true, pageLoadStrategy: normal, platform: XP, platformName: XP, platformVersion: 6.1, rotatable: false, timeouts: {implicit: 0, pageLoad: 300000, script: 30000}}
Session ID: 07f66090-d905-4fff-9efd-253512d4da6e
at sun.reflect.NativeConstructorAccessorImpl.newInstance0(Native Method)
at sun.reflect.NativeConstructorAccessorImpl.newInstance(NativeConstructorAccessorImpl.java:62)
at sun.reflect.DelegatingConstructorAccessorImpl.newInstance(DelegatingConstructorAccessorImpl.java:45)
at java.lang.reflect.Constructor.newInstance(Constructor.java:423)
at org.openqa.selenium.remote.http.W3CHttpResponseCodec.createException(W3CHttpResponseCodec.java:187)
at org.openqa.selenium.remote.http.W3CHttpResponseCodec.decode(W3CHttpResponseCodec.java:122)
at org.openqa.selenium.remote.http.W3CHttpResponseCodec.decode(W3CHttpResponseCodec.java:49)
at org.openqa.selenium.remote.HttpCommandExecutor.execute(HttpCommandExecutor.java:158)
at org.openqa.selenium.remote.service.DriverCommandExecutor.execute(DriverCommandExecutor.java:83)
at org.openqa.selenium.remote.RemoteWebDriver.execute(RemoteWebDriver.java:545)
at org.openqa.selenium.remote.RemoteWebDriver.execute(RemoteWebDriver.java:602)
at org.openqa.selenium.remote.RemoteWebDriver.close(RemoteWebDriver.java:435)
at WebDriverTest.tearDown(WebDriverTest.java:91)
at sun.reflect.NativeMethodAccessorImpl.invoke0(Native Method)
at sun.reflect.NativeMethodAccessorImpl.invoke(NativeMethodAccessorImpl.java:62)
at sun.reflect.DelegatingMethodAccessorImpl.invoke(DelegatingMethodAccessorImpl.java:43)
at java.lang.reflect.Method.invoke(Method.java:498)
at org.testng.internal.MethodInvocationHelper.invokeMethod(MethodInvocationHelper.java:124)
at org.testng.internal.MethodInvocationHelper.invokeMethodConsideringTimeout(MethodInvocationHelper.java:59)
at org.testng.internal.Invoker.invokeConfigurationMethod(Invoker.java:455)
at org.testng.internal.Invoker.invokeConfigurations(Invoker.java:222)
at org.testng.internal.Invoker.invokeMethod(Invoker.java:643)
at org.testng.internal.Invoker.invokeTestMethod(Invoker.java:716)
at org.testng.internal.Invoker.invokeTestMethods(Invoker.java:988)
at org.testng.internal.TestMethodWorker.invokeTestMethods(TestMethodWorker.java:125)
at org.testng.internal.TestMethodWorker.run(TestMethodWorker.java:109)
at org.testng.TestRunner.privateRun(TestRunner.java:648)
at org.testng.TestRunner.run(TestRunner.java:505)
at org.testng.SuiteRunner.runTest(SuiteRunner.java:455)
at org.testng.SuiteRunner.runSequentially(SuiteRunner.java:450)
at org.testng.SuiteRunner.privateRun(SuiteRunner.java:415)
at org.testng.SuiteRunner.run(SuiteRunner.java:364)
at org.testng.SuiteRunnerWorker.runSuite(SuiteRunnerWorker.java:52)
at org.testng.SuiteRunnerWorker.run(SuiteRunnerWorker.java:84)
at org.testng.TestNG.runSuitesSequentially(TestNG.java:1208)
at org.testng.TestNG.runSuitesLocally(TestNG.java:1137)
at org.testng.TestNG.runSuites(TestNG.java:1049)
at org.testng.TestNG.run(TestNG.java:1017)
at org.apache.maven.surefire.testng.TestNGExecutor.run(TestNGExecutor.java:135)
at org.apache.maven.surefire.testng.TestNGDirectoryTestSuite.executeMulti(TestNGDirectoryTestSuite.java:193)
at org.apache.maven.surefire.testng.TestNGDirectoryTestSuite.execute(TestNGDirectoryTestSuite.java:94)
at org.apache.maven.surefire.testng.TestNGProvider.invoke(TestNGProvider.java:146)
at org.apache.maven.surefire.booter.ForkedBooter.invokeProviderInSameClassLoader(ForkedBooter.java:379)
at org.apache.maven.surefire.booter.ForkedBooter.runSuitesInProcess(ForkedBooter.java:340)
at org.apache.maven.surefire.booter.ForkedBooter.execute(ForkedBooter.java:125)
at org.apache.maven.surefire.booter.ForkedBooter.main(ForkedBooter.java:413)
]]>
            </full-stacktrace>
          </exception> <!-- org.openqa.selenium.WebDriverException -->
          <reporter-output>
          </reporter-output>
        </test-method> <!-- tearDown -->
      </class> <!-- WebDriverTest -->
      <class name="company.SmokeTest">
        <test-method status="PASS" signature="test2(int)[pri:0, instance:company.SmokeTest@13fee20c]" name="test2" duration-ms="0" started-at="2018-05-24T11:46:49Z" data-provider="dataProvider" finished-at="2018-05-24T11:46:49Z">
          <params>
            <param index="0">
              <value>
                <![CDATA[2]]>
              </value>
            </param>
          </params>
          <reporter-output>
          </reporter-output>
        </test-method> <!-- test2 -->
        <test-method status="PASS" signature="checkThreads()[pri:0, instance:company.SmokeTest@13fee20c]" name="checkThreads" duration-ms="0" started-at="2018-05-24T11:47:58Z" finished-at="2018-05-24T11:47:58Z">
          <reporter-output>
          </reporter-output>
        </test-method> <!-- checkThreads -->
        <test-method status="PASS" signature="checkThreads()[pri:0, instance:company.SmokeTest@13fee20c]" name="checkThreads" duration-ms="0" started-at="2018-05-24T11:47:58Z" finished-at="2018-05-24T11:47:58Z">
          <reporter-output>
          </reporter-output>
        </test-method> <!-- checkThreads -->
        <test-method status="PASS" signature="checkThreads()[pri:0, instance:company.SmokeTest@13fee20c]" name="checkThreads" duration-ms="0" started-at="2018-05-24T11:47:58Z" finished-at="2018-05-24T11:47:58Z">
          <reporter-output>
          </reporter-output>
        </test-method> <!-- checkThreads -->
        <test-method status="PASS" signature="checkThreads()[pri:0, instance:company.SmokeTest@13fee20c]" name="checkThreads" duration-ms="0" started-at="2018-05-24T11:47:58Z" finished-at="2018-05-24T11:47:58Z">
          <reporter-output>
          </reporter-output>
        </test-method> <!-- checkThreads -->
        <test-method status="PASS" signature="checkThreads()[pri:0, instance:company.SmokeTest@13fee20c]" name="checkThreads" duration-ms="0" started-at="2018-05-24T11:47:58Z" finished-at="2018-05-24T11:47:58Z">
          <reporter-output>
          </reporter-output>
        </test-method> <!-- checkThreads -->
        <test-method status="PASS" signature="checkThreads()[pri:0, instance:company.SmokeTest@13fee20c]" name="checkThreads" duration-ms="0" started-at="2018-05-24T11:47:58Z" finished-at="2018-05-24T11:47:58Z">
          <reporter-output>
          </reporter-output>
        </test-method> <!-- checkThreads -->
        <test-method status="PASS" signature="checkThreads()[pri:0, instance:company.SmokeTest@13fee20c]" name="checkThreads" duration-ms="0" started-at="2018-05-24T11:47:58Z" finished-at="2018-05-24T11:47:58Z">
          <reporter-output>
          </reporter-output>
        </test-method> <!-- checkThreads -->
        <test-method status="PASS" signature="checkThreads()[pri:0, instance:company.SmokeTest@13fee20c]" name="checkThreads" duration-ms="0" started-at="2018-05-24T11:47:58Z" finished-at="2018-05-24T11:47:58Z">
          <reporter-output>
          </reporter-output>
        </test-method> <!-- checkThreads -->
        <test-method status="PASS" signature="checkThreads()[pri:0, instance:company.SmokeTest@13fee20c]" name="checkThreads" duration-ms="0" started-at="2018-05-24T11:47:58Z" finished-at="2018-05-24T11:47:58Z">
          <reporter-output>
          </reporter-output>
        </test-method> <!-- checkThreads -->
        <test-method status="PASS" signature="checkThreads()[pri:0, instance:company.SmokeTest@13fee20c]" name="checkThreads" duration-ms="0" started-at="2018-05-24T11:47:58Z" finished-at="2018-05-24T11:47:58Z">
          <reporter-output>
          </reporter-output>
        </test-method> <!-- checkThreads -->
        <test-method status="FAIL" signature="test1(int)[pri:0, instance:company.SmokeTest@13fee20c]" name="test1" duration-ms="16" started-at="2018-05-24T11:47:58Z" data-provider="dataProvider" finished-at="2018-05-24T11:47:58Z">
          <params>
            <param index="0">
              <value>
                <![CDATA[2]]>
              </value>
            </param>
          </params>
          <exception class="java.lang.AssertionError">
            <message>
              <![CDATA[expected [3] but found [2]]]>
            </message>
            <full-stacktrace>
              <![CDATA[java.lang.AssertionError: expected [3] but found [2]
at org.testng.Assert.fail(Assert.java:96)
at org.testng.Assert.failNotEquals(Assert.java:776)
at org.testng.Assert.assertEqualsImpl(Assert.java:137)
at org.testng.Assert.assertEquals(Assert.java:118)
at org.testng.Assert.assertEquals(Assert.java:652)
at org.testng.Assert.assertEquals(Assert.java:662)
at company.SmokeTest.test1(SmokeTest.java:59)
at sun.reflect.NativeMethodAccessorImpl.invoke0(Native Method)
at sun.reflect.NativeMethodAccessorImpl.invoke(NativeMethodAccessorImpl.java:62)
at sun.reflect.DelegatingMethodAccessorImpl.invoke(DelegatingMethodAccessorImpl.java:43)
at java.lang.reflect.Method.invoke(Method.java:498)
at org.testng.internal.MethodInvocationHelper.invokeMethod(MethodInvocationHelper.java:124)
at org.testng.internal.Invoker.invokeMethod(Invoker.java:580)
at org.testng.internal.Invoker.invokeTestMethod(Invoker.java:716)
at org.testng.internal.Invoker.invokeTestMethods(Invoker.java:988)
at org.testng.internal.TestMethodWorker.invokeTestMethods(TestMethodWorker.java:125)
at org.testng.internal.TestMethodWorker.run(TestMethodWorker.java:109)
at org.testng.TestRunner.privateRun(TestRunner.java:648)
at org.testng.TestRunner.run(TestRunner.java:505)
at org.testng.SuiteRunner.runTest(SuiteRunner.java:455)
at org.testng.SuiteRunner.runSequentially(SuiteRunner.java:450)
at org.testng.SuiteRunner.privateRun(SuiteRunner.java:415)
at org.testng.SuiteRunner.run(SuiteRunner.java:364)
at org.testng.SuiteRunnerWorker.runSuite(SuiteRunnerWorker.java:52)
at org.testng.SuiteRunnerWorker.run(SuiteRunnerWorker.java:84)
at org.testng.TestNG.runSuitesSequentially(TestNG.java:1208)
at org.testng.TestNG.runSuitesLocally(TestNG.java:1137)
at org.testng.TestNG.runSuites(TestNG.java:1049)
at org.testng.TestNG.run(TestNG.java:1017)
at org.apache.maven.surefire.testng.TestNGExecutor.run(TestNGExecutor.java:135)
at org.apache.maven.surefire.testng.TestNGDirectoryTestSuite.executeMulti(TestNGDirectoryTestSuite.java:193)
at org.apache.maven.surefire.testng.TestNGDirectoryTestSuite.execute(TestNGDirectoryTestSuite.java:94)
at org.apache.maven.surefire.testng.TestNGProvider.invoke(TestNGProvider.java:146)
at org.apache.maven.surefire.booter.ForkedBooter.invokeProviderInSameClassLoader(ForkedBooter.java:379)
at org.apache.maven.surefire.booter.ForkedBooter.runSuitesInProcess(ForkedBooter.java:340)
at org.apache.maven.surefire.booter.ForkedBooter.execute(ForkedBooter.java:125)
at org.apache.maven.surefire.booter.ForkedBooter.main(ForkedBooter.java:413)
]]>
            </full-stacktrace>
          </exception> <!-- java.lang.AssertionError -->
          <reporter-output>
          </reporter-output>
        </test-method> <!-- test1 -->
        <test-method status="PASS" signature="method1()[pri:1, instance:company.SmokeTest@13fee20c]" name="method1" duration-ms="0" started-at="2018-05-24T11:47:58Z" finished-at="2018-05-24T11:47:58Z">
          <reporter-output>
          </reporter-output>
        </test-method> <!-- method1 -->
        <test-method status="PASS" signature="errorMethod()[pri:4, instance:company.SmokeTest@13fee20c]" name="errorMethod" duration-ms="0" started-at="2018-05-24T11:47:58Z" description="AssertionError-text" finished-at="2018-05-24T11:47:58Z">
          <reporter-output>
          </reporter-output>
        </test-method> <!-- errorMethod -->
        <test-method status="PASS" signature="dependOnMethod1()[pri:5, instance:company.SmokeTest@13fee20c]" name="dependOnMethod1" duration-ms="0" started-at="2018-05-24T11:47:58Z" depends-on-methods="company.SmokeTest.method2" finished-at="2018-05-24T11:47:58Z">
          <reporter-output>
          </reporter-output>
        </test-method> <!-- dependOnMethod1 -->
        <test-method status="PASS" signature="dependsOnGroup1()[pri:6, instance:company.SmokeTest@13fee20c]" name="dependsOnGroup1" duration-ms="0" depends-on-groups="1" started-at="2018-05-24T11:47:58Z" finished-at="2018-05-24T11:47:58Z">
          <reporter-output>
          </reporter-output>
        </test-method> <!-- dependsOnGroup1 -->
        <test-method status="PASS" signature="method3()[pri:3, instance:company.SmokeTest@13fee20c]" name="method3" duration-ms="0" started-at="2018-05-24T11:47:58Z" finished-at="2018-05-24T11:47:58Z">
          <reporter-output>
          </reporter-output>
        </test-method> <!-- method3 -->
        <test-method status="PASS" signature="method2()[pri:2, instance:company.SmokeTest@13fee20c]" name="method2" duration-ms="0" started-at="2018-05-24T11:47:58Z" finished-at="2018-05-24T11:47:58Z">
          <reporter-output>
          </reporter-output>
        </test-method> <!-- method2 -->
      </class> <!-- company.SmokeTest -->
    </test> <!-- Surefire test -->
  </suite> <!-- Surefire suite -->
</testng-results>
